{"D:\\Mes_applications\\bmad_piscine\\pooldoz\\frontend\\src\\lib\\chemistry.ts": {"path":"D:\\Mes_applications\\bmad_piscine\\pooldoz\\frontend\\src\\lib\\chemistry.ts","statementMap":{"0":{"start":{"line":30,"column":12},"end":{"line":30,"column":null}},"1":{"start":{"line":31,"column":13},"end":{"line":31,"column":null}},"2":{"start":{"line":32,"column":2},"end":{"line":36,"column":null}},"3":{"start":{"line":32,"column":15},"end":{"line":32,"column":18}},"4":{"start":{"line":33,"column":10},"end":{"line":33,"column":null}},"5":{"start":{"line":34,"column":4},"end":{"line":34,"column":null}},"6":{"start":{"line":35,"column":4},"end":{"line":35,"column":null}},"7":{"start":{"line":37,"column":2},"end":{"line":37,"column":null}},"8":{"start":{"line":45,"column":2},"end":{"line":45,"column":null}},"9":{"start":{"line":45,"column":45},"end":{"line":45,"column":null}},"10":{"start":{"line":48,"column":24},"end":{"line":48,"column":null}},"11":{"start":{"line":51,"column":19},"end":{"line":51,"column":null}},"12":{"start":{"line":52,"column":17},"end":{"line":52,"column":null}},"13":{"start":{"line":55,"column":20},"end":{"line":55,"column":null}},"14":{"start":{"line":56,"column":22},"end":{"line":56,"column":null}},"15":{"start":{"line":57,"column":16},"end":{"line":57,"column":null}},"16":{"start":{"line":59,"column":2},"end":{"line":65,"column":null}},"17":{"start":{"line":60,"column":21},"end":{"line":60,"column":null}},"18":{"start":{"line":61,"column":21},"end":{"line":61,"column":null}},"19":{"start":{"line":62,"column":4},"end":{"line":62,"column":null}},"20":{"start":{"line":63,"column":4},"end":{"line":63,"column":null}},"21":{"start":{"line":64,"column":4},"end":{"line":64,"column":null}},"22":{"start":{"line":67,"column":19},"end":{"line":67,"column":null}},"23":{"start":{"line":69,"column":2},"end":{"line":69,"column":null}},"24":{"start":{"line":84,"column":47},"end":{"line":90,"column":null}},"25":{"start":{"line":108,"column":60},"end":{"line":114,"column":null}},"26":{"start":{"line":117,"column":16},"end":{"line":117,"column":null}},"27":{"start":{"line":118,"column":2},"end":{"line":123,"column":null}},"28":{"start":{"line":119,"column":17},"end":{"line":119,"column":null}},"29":{"start":{"line":120,"column":4},"end":{"line":120,"column":null}},"30":{"start":{"line":120,"column":21},"end":{"line":120,"column":null}},"31":{"start":{"line":121,"column":4},"end":{"line":121,"column":null}},"32":{"start":{"line":121,"column":21},"end":{"line":121,"column":null}},"33":{"start":{"line":122,"column":4},"end":{"line":122,"column":null}},"34":{"start":{"line":124,"column":2},"end":{"line":124,"column":null}},"35":{"start":{"line":124,"column":21},"end":{"line":124,"column":null}},"36":{"start":{"line":125,"column":2},"end":{"line":125,"column":null}},"37":{"start":{"line":125,"column":20},"end":{"line":125,"column":null}},"38":{"start":{"line":126,"column":2},"end":{"line":126,"column":null}},"39":{"start":{"line":130,"column":15},"end":{"line":130,"column":null}},"40":{"start":{"line":131,"column":27},"end":{"line":131,"column":null}},"41":{"start":{"line":132,"column":18},"end":{"line":132,"column":null}},"42":{"start":{"line":133,"column":2},"end":{"line":139,"column":null}},"43":{"start":{"line":134,"column":18},"end":{"line":134,"column":null}},"44":{"start":{"line":135,"column":4},"end":{"line":138,"column":null}},"45":{"start":{"line":136,"column":6},"end":{"line":136,"column":null}},"46":{"start":{"line":137,"column":6},"end":{"line":137,"column":null}},"47":{"start":{"line":140,"column":2},"end":{"line":140,"column":null}},"48":{"start":{"line":140,"column":23},"end":{"line":140,"column":null}},"49":{"start":{"line":141,"column":2},"end":{"line":141,"column":null}},"50":{"start":{"line":145,"column":17},"end":{"line":145,"column":null}},"51":{"start":{"line":148,"column":2},"end":{"line":151,"column":null}},"52":{"start":{"line":149,"column":17},"end":{"line":149,"column":null}},"53":{"start":{"line":150,"column":4},"end":{"line":150,"column":null}},"54":{"start":{"line":152,"column":2},"end":{"line":155,"column":null}},"55":{"start":{"line":153,"column":17},"end":{"line":153,"column":null}},"56":{"start":{"line":154,"column":4},"end":{"line":154,"column":null}},"57":{"start":{"line":157,"column":18},"end":{"line":157,"column":null}},"58":{"start":{"line":158,"column":2},"end":{"line":160,"column":null}},"59":{"start":{"line":159,"column":4},"end":{"line":159,"column":null}},"60":{"start":{"line":162,"column":16},"end":{"line":162,"column":null}},"61":{"start":{"line":163,"column":20},"end":{"line":163,"column":null}},"62":{"start":{"line":164,"column":17},"end":{"line":164,"column":null}},"63":{"start":{"line":166,"column":2},"end":{"line":172,"column":null}}},"fnMap":{"0":{"name":"polygonArea","decl":{"start":{"line":29,"column":9},"end":{"line":29,"column":21}},"loc":{"start":{"line":29,"column":46},"end":{"line":38,"column":null}},"line":29},"1":{"name":"calculateVolume","decl":{"start":{"line":44,"column":16},"end":{"line":44,"column":32}},"loc":{"start":{"line":44,"column":85},"end":{"line":70,"column":null}},"line":44},"2":{"name":"calcStatus","decl":{"start":{"line":116,"column":9},"end":{"line":116,"column":20}},"loc":{"start":{"line":116,"column":94},"end":{"line":127,"column":null}},"line":116},"3":{"name":"conditionnements","decl":{"start":{"line":129,"column":9},"end":{"line":129,"column":26}},"loc":{"start":{"line":129,"column":52},"end":{"line":142,"column":null}},"line":129},"4":{"name":"calculateDose","decl":{"start":{"line":144,"column":16},"end":{"line":144,"column":30}},"loc":{"start":{"line":144,"column":99},"end":{"line":173,"column":null}},"line":144}},"branchMap":{"0":{"loc":{"start":{"line":45,"column":2},"end":{"line":45,"column":null}},"type":"if","locations":[{"start":{"line":45,"column":2},"end":{"line":45,"column":null}},{"start":{},"end":{}}],"line":45},"1":{"loc":{"start":{"line":45,"column":6},"end":{"line":45,"column":45}},"type":"binary-expr","locations":[{"start":{"line":45,"column":6},"end":{"line":45,"column":25}},{"start":{"line":45,"column":25},"end":{"line":45,"column":45}}],"line":45},"2":{"loc":{"start":{"line":61,"column":21},"end":{"line":61,"column":null}},"type":"cond-expr","locations":[{"start":{"line":61,"column":36},"end":{"line":61,"column":77}},{"start":{"line":61,"column":77},"end":{"line":61,"column":null}}],"line":61},"3":{"loc":{"start":{"line":67,"column":19},"end":{"line":67,"column":null}},"type":"cond-expr","locations":[{"start":{"line":67,"column":37},"end":{"line":67,"column":67}},{"start":{"line":67,"column":67},"end":{"line":67,"column":null}}],"line":67},"4":{"loc":{"start":{"line":118,"column":2},"end":{"line":123,"column":null}},"type":"if","locations":[{"start":{"line":118,"column":2},"end":{"line":123,"column":null}},{"start":{},"end":{}}],"line":118},"5":{"loc":{"start":{"line":118,"column":6},"end":{"line":118,"column":55}},"type":"binary-expr","locations":[{"start":{"line":118,"column":6},"end":{"line":118,"column":31}},{"start":{"line":118,"column":31},"end":{"line":118,"column":55}}],"line":118},"6":{"loc":{"start":{"line":120,"column":4},"end":{"line":120,"column":null}},"type":"if","locations":[{"start":{"line":120,"column":4},"end":{"line":120,"column":null}},{"start":{},"end":{}}],"line":120},"7":{"loc":{"start":{"line":121,"column":4},"end":{"line":121,"column":null}},"type":"if","locations":[{"start":{"line":121,"column":4},"end":{"line":121,"column":null}},{"start":{},"end":{}}],"line":121},"8":{"loc":{"start":{"line":124,"column":2},"end":{"line":124,"column":null}},"type":"if","locations":[{"start":{"line":124,"column":2},"end":{"line":124,"column":null}},{"start":{},"end":{}}],"line":124},"9":{"loc":{"start":{"line":125,"column":2},"end":{"line":125,"column":null}},"type":"if","locations":[{"start":{"line":125,"column":2},"end":{"line":125,"column":null}},{"start":{},"end":{}}],"line":125},"10":{"loc":{"start":{"line":135,"column":4},"end":{"line":138,"column":null}},"type":"if","locations":[{"start":{"line":135,"column":4},"end":{"line":138,"column":null}},{"start":{},"end":{}}],"line":135},"11":{"loc":{"start":{"line":136,"column":33},"end":{"line":136,"column":54}},"type":"cond-expr","locations":[{"start":{"line":136,"column":45},"end":{"line":136,"column":51}},{"start":{"line":136,"column":51},"end":{"line":136,"column":54}}],"line":136},"12":{"loc":{"start":{"line":140,"column":2},"end":{"line":140,"column":null}},"type":"if","locations":[{"start":{"line":140,"column":2},"end":{"line":140,"column":null}},{"start":{},"end":{}}],"line":140},"13":{"loc":{"start":{"line":148,"column":2},"end":{"line":151,"column":null}},"type":"if","locations":[{"start":{"line":148,"column":2},"end":{"line":151,"column":null}},{"start":{},"end":{}}],"line":148},"14":{"loc":{"start":{"line":152,"column":2},"end":{"line":155,"column":null}},"type":"if","locations":[{"start":{"line":152,"column":2},"end":{"line":155,"column":null}},{"start":{},"end":{}}],"line":152},"15":{"loc":{"start":{"line":158,"column":2},"end":{"line":160,"column":null}},"type":"if","locations":[{"start":{"line":158,"column":2},"end":{"line":160,"column":null}},{"start":{},"end":{}}],"line":158},"16":{"loc":{"start":{"line":162,"column":16},"end":{"line":162,"column":null}},"type":"binary-expr","locations":[{"start":{"line":162,"column":16},"end":{"line":162,"column":46}},{"start":{"line":162,"column":46},"end":{"line":162,"column":null}}],"line":162}},"s":{"0":3,"1":3,"2":3,"3":3,"4":12,"5":12,"6":12,"7":3,"8":3,"9":0,"10":3,"11":3,"12":3,"13":3,"14":3,"15":3,"16":3,"17":4,"18":4,"19":4,"20":4,"21":4,"22":3,"23":3,"24":1,"25":1,"26":4,"27":4,"28":1,"29":1,"30":0,"31":1,"32":1,"33":0,"34":3,"35":1,"36":2,"37":2,"38":1,"39":2,"40":2,"41":2,"42":2,"43":8,"44":8,"45":3,"46":3,"47":2,"48":2,"49":2,"50":4,"51":4,"52":0,"53":0,"54":4,"55":0,"56":0,"57":4,"58":4,"59":2,"60":2,"61":4,"62":4,"63":4},"f":{"0":3,"1":3,"2":4,"3":2,"4":4},"b":{"0":[0,3],"1":[3,3],"2":[1,3],"3":[3,0],"4":[1,3],"5":[4,3],"6":[0,1],"7":[1,0],"8":[1,2],"9":[1,1],"10":[3,5],"11":[2,1],"12":[2,0],"13":[0,4],"14":[0,4],"15":[2,2],"16":[2,0]},"meta":{"lastBranch":17,"lastFunction":5,"lastStatement":64,"seen":{"f:29:9:29:21":0,"s:30:12:30:Infinity":0,"s:31:13:31:Infinity":1,"s:32:2:36:Infinity":2,"s:32:15:32:18":3,"s:33:10:33:Infinity":4,"s:34:4:34:Infinity":5,"s:35:4:35:Infinity":6,"s:37:2:37:Infinity":7,"f:44:16:44:32":1,"b:45:2:45:Infinity:undefined:undefined:undefined:undefined":0,"s:45:2:45:Infinity":8,"b:45:6:45:25:45:25:45:45":1,"s:45:45:45:Infinity":9,"s:48:24:48:Infinity":10,"s:51:19:51:Infinity":11,"s:52:17:52:Infinity":12,"s:55:20:55:Infinity":13,"s:56:22:56:Infinity":14,"s:57:16:57:Infinity":15,"s:59:2:65:Infinity":16,"s:60:21:60:Infinity":17,"s:61:21:61:Infinity":18,"b:61:36:61:77:61:77:61:Infinity":2,"s:62:4:62:Infinity":19,"s:63:4:63:Infinity":20,"s:64:4:64:Infinity":21,"s:67:19:67:Infinity":22,"b:67:37:67:67:67:67:67:Infinity":3,"s:69:2:69:Infinity":23,"s:84:47:90:Infinity":24,"s:108:60:114:Infinity":25,"f:116:9:116:20":2,"s:117:16:117:Infinity":26,"b:118:2:123:Infinity:undefined:undefined:undefined:undefined":4,"s:118:2:123:Infinity":27,"b:118:6:118:31:118:31:118:55":5,"s:119:17:119:Infinity":28,"b:120:4:120:Infinity:undefined:undefined:undefined:undefined":6,"s:120:4:120:Infinity":29,"s:120:21:120:Infinity":30,"b:121:4:121:Infinity:undefined:undefined:undefined:undefined":7,"s:121:4:121:Infinity":31,"s:121:21:121:Infinity":32,"s:122:4:122:Infinity":33,"b:124:2:124:Infinity:undefined:undefined:undefined:undefined":8,"s:124:2:124:Infinity":34,"s:124:21:124:Infinity":35,"b:125:2:125:Infinity:undefined:undefined:undefined:undefined":9,"s:125:2:125:Infinity":36,"s:125:20:125:Infinity":37,"s:126:2:126:Infinity":38,"f:129:9:129:26":3,"s:130:15:130:Infinity":39,"s:131:27:131:Infinity":40,"s:132:18:132:Infinity":41,"s:133:2:139:Infinity":42,"s:134:18:134:Infinity":43,"b:135:4:138:Infinity:undefined:undefined:undefined:undefined":10,"s:135:4:138:Infinity":44,"s:136:6:136:Infinity":45,"b:136:45:136:51:136:51:136:54":11,"s:137:6:137:Infinity":46,"b:140:2:140:Infinity:undefined:undefined:undefined:undefined":12,"s:140:2:140:Infinity":47,"s:140:23:140:Infinity":48,"s:141:2:141:Infinity":49,"f:144:16:144:30":4,"s:145:17:145:Infinity":50,"b:148:2:151:Infinity:undefined:undefined:undefined:undefined":13,"s:148:2:151:Infinity":51,"s:149:17:149:Infinity":52,"s:150:4:150:Infinity":53,"b:152:2:155:Infinity:undefined:undefined:undefined:undefined":14,"s:152:2:155:Infinity":54,"s:153:17:153:Infinity":55,"s:154:4:154:Infinity":56,"s:157:18:157:Infinity":57,"b:158:2:160:Infinity:undefined:undefined:undefined:undefined":15,"s:158:2:160:Infinity":58,"s:159:4:159:Infinity":59,"s:162:16:162:Infinity":60,"b:162:16:162:46:162:46:162:Infinity":16,"s:163:20:163:Infinity":61,"s:164:17:164:Infinity":62,"s:166:2:172:Infinity":63}}}
,"D:\\Mes_applications\\bmad_piscine\\pooldoz\\frontend\\src\\lib\\cv.ts": {"path":"D:\\Mes_applications\\bmad_piscine\\pooldoz\\frontend\\src\\lib\\cv.ts","statementMap":{"0":{"start":{"line":1,"column":19},"end":{"line":1,"column":null}},"1":{"start":{"line":2,"column":19},"end":{"line":2,"column":null}},"2":{"start":{"line":13,"column":2},"end":{"line":17,"column":null}},"3":{"start":{"line":14,"column":4},"end":{"line":14,"column":null}},"4":{"start":{"line":16,"column":4},"end":{"line":16,"column":null}},"5":{"start":{"line":21,"column":21},"end":{"line":21,"column":null}},"6":{"start":{"line":22,"column":16},"end":{"line":22,"column":null}},"7":{"start":{"line":22,"column":33},"end":{"line":22,"column":53}},"8":{"start":{"line":24,"column":2},"end":{"line":38,"column":null}},"9":{"start":{"line":25,"column":17},"end":{"line":25,"column":null}},"10":{"start":{"line":26,"column":4},"end":{"line":26,"column":null}},"11":{"start":{"line":28,"column":16},"end":{"line":32,"column":null}},"12":{"start":{"line":34,"column":4},"end":{"line":34,"column":null}},"13":{"start":{"line":34,"column":17},"end":{"line":34,"column":null}},"14":{"start":{"line":35,"column":4},"end":{"line":35,"column":null}},"15":{"start":{"line":37,"column":4},"end":{"line":37,"column":null}},"16":{"start":{"line":43,"column":17},"end":{"line":43,"column":null}},"17":{"start":{"line":44,"column":17},"end":{"line":44,"column":null}},"18":{"start":{"line":45,"column":14},"end":{"line":45,"column":null}},"19":{"start":{"line":46,"column":2},"end":{"line":46,"column":null}},"20":{"start":{"line":47,"column":34},"end":{"line":47,"column":null}},"21":{"start":{"line":50,"column":13},"end":{"line":50,"column":20}},"22":{"start":{"line":50,"column":27},"end":{"line":50,"column":35}},"23":{"start":{"line":50,"column":42},"end":{"line":50,"column":45}},"24":{"start":{"line":50,"column":52},"end":{"line":50,"column":null}},"25":{"start":{"line":51,"column":20},"end":{"line":51,"column":null}},"26":{"start":{"line":53,"column":2},"end":{"line":64,"column":null}},"27":{"start":{"line":53,"column":15},"end":{"line":53,"column":18}},"28":{"start":{"line":54,"column":4},"end":{"line":63,"column":null}},"29":{"start":{"line":54,"column":17},"end":{"line":54,"column":20}},"30":{"start":{"line":55,"column":12},"end":{"line":55,"column":null}},"31":{"start":{"line":56,"column":12},"end":{"line":56,"column":null}},"32":{"start":{"line":57,"column":6},"end":{"line":62,"column":null}},"33":{"start":{"line":58,"column":8},"end":{"line":58,"column":null}},"34":{"start":{"line":59,"column":8},"end":{"line":59,"column":null}},"35":{"start":{"line":60,"column":8},"end":{"line":60,"column":null}},"36":{"start":{"line":61,"column":8},"end":{"line":61,"column":null}},"37":{"start":{"line":67,"column":2},"end":{"line":80,"column":null}},"38":{"start":{"line":68,"column":19},"end":{"line":68,"column":null}},"39":{"start":{"line":69,"column":4},"end":{"line":79,"column":null}},"40":{"start":{"line":82,"column":14},"end":{"line":82,"column":null}},"41":{"start":{"line":83,"column":8},"end":{"line":83,"column":null}},"42":{"start":{"line":83,"column":41},"end":{"line":83,"column":null}},"43":{"start":{"line":85,"column":2},"end":{"line":95,"column":null}}},"fnMap":{"0":{"name":"detectContours","decl":{"start":{"line":12,"column":22},"end":{"line":12,"column":37}},"loc":{"start":{"line":12,"column":77},"end":{"line":18,"column":null}},"line":12},"1":{"name":"callCVApi","decl":{"start":{"line":20,"column":15},"end":{"line":20,"column":25}},"loc":{"start":{"line":20,"column":65},"end":{"line":39,"column":null}},"line":20},"2":{"name":"(anonymous_2)","decl":{"start":{"line":22,"column":16},"end":{"line":22,"column":33}},"loc":{"start":{"line":22,"column":33},"end":{"line":22,"column":53}},"line":22},"3":{"name":"callJsFallback","decl":{"start":{"line":42,"column":15},"end":{"line":42,"column":30}},"loc":{"start":{"line":42,"column":70},"end":{"line":96,"column":null}},"line":42},"4":{"name":"(anonymous_4)","decl":{"start":{"line":83,"column":8},"end":{"line":83,"column":14}},"loc":{"start":{"line":83,"column":41},"end":{"line":83,"column":null}},"line":83}},"branchMap":{"0":{"loc":{"start":{"line":1,"column":19},"end":{"line":1,"column":null}},"type":"binary-expr","locations":[{"start":{"line":1,"column":19},"end":{"line":1,"column":54}},{"start":{"line":1,"column":54},"end":{"line":1,"column":null}}],"line":1},"1":{"loc":{"start":{"line":34,"column":4},"end":{"line":34,"column":null}},"type":"if","locations":[{"start":{"line":34,"column":4},"end":{"line":34,"column":null}},{"start":{},"end":{}}],"line":34},"2":{"loc":{"start":{"line":57,"column":6},"end":{"line":62,"column":null}},"type":"if","locations":[{"start":{"line":57,"column":6},"end":{"line":62,"column":null}},{"start":{},"end":{}}],"line":57},"3":{"loc":{"start":{"line":67,"column":2},"end":{"line":80,"column":null}},"type":"if","locations":[{"start":{"line":67,"column":2},"end":{"line":80,"column":null}},{"start":{},"end":{}}],"line":67},"4":{"loc":{"start":{"line":67,"column":6},"end":{"line":67,"column":36}},"type":"binary-expr","locations":[{"start":{"line":67,"column":6},"end":{"line":67,"column":22}},{"start":{"line":67,"column":22},"end":{"line":67,"column":36}}],"line":67}},"s":{"0":0,"1":0,"2":0,"3":0,"4":0,"5":0,"6":0,"7":0,"8":0,"9":0,"10":0,"11":0,"12":0,"13":0,"14":0,"15":0,"16":0,"17":0,"18":0,"19":0,"20":0,"21":0,"22":0,"23":0,"24":0,"25":0,"26":0,"27":0,"28":0,"29":0,"30":0,"31":0,"32":0,"33":0,"34":0,"35":0,"36":0,"37":0,"38":0,"39":0,"40":0,"41":0,"42":0,"43":0},"f":{"0":0,"1":0,"2":0,"3":0,"4":0},"b":{"0":[0,0],"1":[0,0],"2":[0,0],"3":[0,0],"4":[0,0]},"meta":{"lastBranch":5,"lastFunction":5,"lastStatement":44,"seen":{"s:1:19:1:Infinity":0,"b:1:19:1:54:1:54:1:Infinity":0,"s:2:19:2:Infinity":1,"f:12:22:12:37":0,"s:13:2:17:Infinity":2,"s:14:4:14:Infinity":3,"s:16:4:16:Infinity":4,"f:20:15:20:25":1,"s:21:21:21:Infinity":5,"s:22:16:22:Infinity":6,"f:22:16:22:33":2,"s:22:33:22:53":7,"s:24:2:38:Infinity":8,"s:25:17:25:Infinity":9,"s:26:4:26:Infinity":10,"s:28:16:32:Infinity":11,"b:34:4:34:Infinity:undefined:undefined:undefined:undefined":1,"s:34:4:34:Infinity":12,"s:34:17:34:Infinity":13,"s:35:4:35:Infinity":14,"s:37:4:37:Infinity":15,"f:42:15:42:30":3,"s:43:17:43:Infinity":16,"s:44:17:44:Infinity":17,"s:45:14:45:Infinity":18,"s:46:2:46:Infinity":19,"s:47:34:47:Infinity":20,"s:50:13:50:20":21,"s:50:27:50:35":22,"s:50:42:50:45":23,"s:50:52:50:Infinity":24,"s:51:20:51:Infinity":25,"s:53:2:64:Infinity":26,"s:53:15:53:18":27,"s:54:4:63:Infinity":28,"s:54:17:54:20":29,"s:55:12:55:Infinity":30,"s:56:12:56:Infinity":31,"b:57:6:62:Infinity:undefined:undefined:undefined:undefined":2,"s:57:6:62:Infinity":32,"s:58:8:58:Infinity":33,"s:59:8:59:Infinity":34,"s:60:8:60:Infinity":35,"s:61:8:61:Infinity":36,"b:67:2:80:Infinity:undefined:undefined:undefined:undefined":3,"s:67:2:80:Infinity":37,"b:67:6:67:22:67:22:67:36":4,"s:68:19:68:Infinity":38,"s:69:4:79:Infinity":39,"s:82:14:82:Infinity":40,"s:83:8:83:Infinity":41,"f:83:8:83:14":4,"s:83:41:83:Infinity":42,"s:85:2:95:Infinity":43}}}
,"D:\\Mes_applications\\bmad_piscine\\pooldoz\\frontend\\src\\lib\\db.ts": {"path":"D:\\Mes_applications\\bmad_piscine\\pooldoz\\frontend\\src\\lib\\db.ts","statementMap":{"0":{"start":{"line":46,"column":4},"end":{"line":46,"column":null}},"1":{"start":{"line":47,"column":4},"end":{"line":51,"column":null}},"2":{"start":{"line":55,"column":18},"end":{"line":55,"column":null}},"3":{"start":{"line":59,"column":19},"end":{"line":59,"column":null}},"4":{"start":{"line":60,"column":2},"end":{"line":60,"column":null}},"5":{"start":{"line":60,"column":16},"end":{"line":60,"column":null}},"6":{"start":{"line":62,"column":29},"end":{"line":68,"column":null}},"7":{"start":{"line":69,"column":2},"end":{"line":69,"column":null}},"8":{"start":{"line":70,"column":2},"end":{"line":70,"column":null}}},"fnMap":{"0":{"name":"constructor","decl":{"start":{"line":45,"column":2},"end":{"line":45,"column":16}},"loc":{"start":{"line":45,"column":16},"end":{"line":52,"column":null}},"line":45},"1":{"name":"initSettings","decl":{"start":{"line":58,"column":22},"end":{"line":58,"column":56}},"loc":{"start":{"line":58,"column":56},"end":{"line":71,"column":null}},"line":58}},"branchMap":{"0":{"loc":{"start":{"line":60,"column":2},"end":{"line":60,"column":null}},"type":"if","locations":[{"start":{"line":60,"column":2},"end":{"line":60,"column":null}},{"start":{},"end":{}}],"line":60}},"s":{"0":0,"1":0,"2":0,"3":0,"4":0,"5":0,"6":0,"7":0,"8":0},"f":{"0":0,"1":0},"b":{"0":[0,0]},"meta":{"lastBranch":1,"lastFunction":2,"lastStatement":9,"seen":{"f:45:2:45:16":0,"s:46:4:46:Infinity":0,"s:47:4:51:Infinity":1,"s:55:18:55:Infinity":2,"f:58:22:58:56":1,"s:59:19:59:Infinity":3,"b:60:2:60:Infinity:undefined:undefined:undefined:undefined":0,"s:60:2:60:Infinity":4,"s:60:16:60:Infinity":5,"s:62:29:68:Infinity":6,"s:69:2:69:Infinity":7,"s:70:2:70:Infinity":8}}}
,"D:\\Mes_applications\\bmad_piscine\\pooldoz\\frontend\\src\\lib\\i18n.ts": {"path":"D:\\Mes_applications\\bmad_piscine\\pooldoz\\frontend\\src\\lib\\i18n.ts","statementMap":{"0":{"start":{"line":21,"column":0},"end":{"line":52,"column":null}},"1":{"start":{"line":58,"column":2},"end":{"line":58,"column":null}}},"fnMap":{"0":{"name":"changeLanguage","decl":{"start":{"line":57,"column":22},"end":{"line":57,"column":37}},"loc":{"start":{"line":57,"column":56},"end":{"line":59,"column":null}},"line":57}},"branchMap":{},"s":{"0":0,"1":0},"f":{"0":0},"b":{},"meta":{"lastBranch":0,"lastFunction":1,"lastStatement":2,"seen":{"s:21:0:52:Infinity":0,"f:57:22:57:37":0,"s:58:2:58:Infinity":1}}}
,"D:\\Mes_applications\\bmad_piscine\\pooldoz\\frontend\\src\\lib\\reminders.ts": {"path":"D:\\Mes_applications\\bmad_piscine\\pooldoz\\frontend\\src\\lib\\reminders.ts","statementMap":{"0":{"start":{"line":9,"column":14},"end":{"line":9,"column":null}},"1":{"start":{"line":10,"column":16},"end":{"line":10,"column":null}},"2":{"start":{"line":11,"column":15},"end":{"line":11,"column":null}},"3":{"start":{"line":14,"column":2},"end":{"line":14,"column":null}},"4":{"start":{"line":14,"column":34},"end":{"line":14,"column":null}},"5":{"start":{"line":17,"column":2},"end":{"line":17,"column":null}},"6":{"start":{"line":17,"column":30},"end":{"line":17,"column":null}},"7":{"start":{"line":20,"column":2},"end":{"line":20,"column":null}},"8":{"start":{"line":20,"column":29},"end":{"line":20,"column":null}},"9":{"start":{"line":23,"column":22},"end":{"line":23,"column":null}},"10":{"start":{"line":24,"column":2},"end":{"line":24,"column":null}}},"fnMap":{"0":{"name":"shouldShowSeasonBanner","decl":{"start":{"line":5,"column":16},"end":{"line":5,"column":null}},"loc":{"start":{"line":8,"column":11},"end":{"line":25,"column":null}},"line":8}},"branchMap":{"0":{"loc":{"start":{"line":14,"column":2},"end":{"line":14,"column":null}},"type":"if","locations":[{"start":{"line":14,"column":2},"end":{"line":14,"column":null}},{"start":{},"end":{}}],"line":14},"1":{"loc":{"start":{"line":14,"column":6},"end":{"line":14,"column":34}},"type":"binary-expr","locations":[{"start":{"line":14,"column":6},"end":{"line":14,"column":21}},{"start":{"line":14,"column":21},"end":{"line":14,"column":34}}],"line":14},"2":{"loc":{"start":{"line":17,"column":2},"end":{"line":17,"column":null}},"type":"if","locations":[{"start":{"line":17,"column":2},"end":{"line":17,"column":null}},{"start":{},"end":{}}],"line":17},"3":{"loc":{"start":{"line":20,"column":2},"end":{"line":20,"column":null}},"type":"if","locations":[{"start":{"line":20,"column":2},"end":{"line":20,"column":null}},{"start":{},"end":{}}],"line":20}},"s":{"0":0,"1":0,"2":0,"3":0,"4":0,"5":0,"6":0,"7":0,"8":0,"9":0,"10":0},"f":{"0":0},"b":{"0":[0,0],"1":[0,0],"2":[0,0],"3":[0,0]},"meta":{"lastBranch":4,"lastFunction":1,"lastStatement":11,"seen":{"f:5:16:5:Infinity":0,"s:9:14:9:Infinity":0,"s:10:16:10:Infinity":1,"s:11:15:11:Infinity":2,"b:14:2:14:Infinity:undefined:undefined:undefined:undefined":0,"s:14:2:14:Infinity":3,"b:14:6:14:21:14:21:14:34":1,"s:14:34:14:Infinity":4,"b:17:2:17:Infinity:undefined:undefined:undefined:undefined":2,"s:17:2:17:Infinity":5,"s:17:30:17:Infinity":6,"b:20:2:20:Infinity:undefined:undefined:undefined:undefined":3,"s:20:2:20:Infinity":7,"s:20:29:20:Infinity":8,"s:23:22:23:Infinity":9,"s:24:2:24:Infinity":10}}}
,"D:\\Mes_applications\\bmad_piscine\\pooldoz\\frontend\\src\\lib\\supabase.ts": {"path":"D:\\Mes_applications\\bmad_piscine\\pooldoz\\frontend\\src\\lib\\supabase.ts","statementMap":{"0":{"start":{"line":3,"column":20},"end":{"line":3,"column":null}},"1":{"start":{"line":4,"column":24},"end":{"line":4,"column":null}},"2":{"start":{"line":6,"column":13},"end":{"line":17,"column":null}},"3":{"start":{"line":10,"column":21},"end":{"line":10,"column":null}}},"fnMap":{"0":{"name":"(anonymous_0)","decl":{"start":{"line":10,"column":6},"end":{"line":10,"column":21}},"loc":{"start":{"line":10,"column":21},"end":{"line":10,"column":null}},"line":10},"1":{"name":"(anonymous_1)","decl":{"start":{"line":11,"column":6},"end":{"line":11,"column":21}},"loc":{"start":{"line":11,"column":21},"end":{"line":11,"column":null}},"line":11},"2":{"name":"(anonymous_2)","decl":{"start":{"line":12,"column":6},"end":{"line":12,"column":24}},"loc":{"start":{"line":12,"column":24},"end":{"line":12,"column":null}},"line":12}},"branchMap":{"0":{"loc":{"start":{"line":3,"column":20},"end":{"line":3,"column":null}},"type":"binary-expr","locations":[{"start":{"line":3,"column":20},"end":{"line":3,"column":57}},{"start":{"line":3,"column":57},"end":{"line":3,"column":null}}],"line":3},"1":{"loc":{"start":{"line":4,"column":24},"end":{"line":4,"column":null}},"type":"binary-expr","locations":[{"start":{"line":4,"column":24},"end":{"line":4,"column":66}},{"start":{"line":4,"column":66},"end":{"line":4,"column":null}}],"line":4}},"s":{"0":0,"1":0,"2":0,"3":0},"f":{"0":0,"1":0,"2":0},"b":{"0":[0,0],"1":[0,0]},"meta":{"lastBranch":2,"lastFunction":3,"lastStatement":4,"seen":{"s:3:20:3:Infinity":0,"b:3:20:3:57:3:57:3:Infinity":0,"s:4:24:4:Infinity":1,"b:4:24:4:66:4:66:4:Infinity":1,"s:6:13:17:Infinity":2,"f:10:6:10:21":0,"s:10:21:10:Infinity":3,"f:11:6:11:21":1,"f:12:6:12:24":2}}}
,"D:\\Mes_applications\\bmad_piscine\\pooldoz\\frontend\\src\\lib\\sync.ts": {"path":"D:\\Mes_applications\\bmad_piscine\\pooldoz\\frontend\\src\\lib\\sync.ts","statementMap":{"0":{"start":{"line":10,"column":19},"end":{"line":10,"column":null}},"1":{"start":{"line":11,"column":2},"end":{"line":11,"column":null}},"2":{"start":{"line":11,"column":13},"end":{"line":11,"column":null}},"3":{"start":{"line":13,"column":2},"end":{"line":13,"column":null}},"4":{"start":{"line":14,"column":2},"end":{"line":38,"column":null}},"5":{"start":{"line":15,"column":21},"end":{"line":17,"column":null}},"6":{"start":{"line":16,"column":21},"end":{"line":16,"column":75}},"7":{"start":{"line":19,"column":4},"end":{"line":33,"column":null}},"8":{"start":{"line":20,"column":24},"end":{"line":29,"column":null}},"9":{"start":{"line":30,"column":6},"end":{"line":32,"column":null}},"10":{"start":{"line":31,"column":8},"end":{"line":31,"column":null}},"11":{"start":{"line":35,"column":4},"end":{"line":35,"column":null}},"12":{"start":{"line":37,"column":4},"end":{"line":37,"column":null}},"13":{"start":{"line":42,"column":19},"end":{"line":42,"column":null}},"14":{"start":{"line":43,"column":2},"end":{"line":43,"column":null}},"15":{"start":{"line":43,"column":13},"end":{"line":43,"column":null}},"16":{"start":{"line":45,"column":2},"end":{"line":61,"column":null}},"17":{"start":{"line":46,"column":16},"end":{"line":46,"column":null}},"18":{"start":{"line":47,"column":4},"end":{"line":58,"column":null}},"19":{"start":{"line":48,"column":6},"end":{"line":57,"column":null}},"20":{"start":{"line":66,"column":19},"end":{"line":66,"column":null}},"21":{"start":{"line":67,"column":2},"end":{"line":67,"column":null}},"22":{"start":{"line":67,"column":13},"end":{"line":67,"column":null}},"23":{"start":{"line":69,"column":2},"end":{"line":95,"column":null}},"24":{"start":{"line":70,"column":28},"end":{"line":73,"column":null}},"25":{"start":{"line":75,"column":4},"end":{"line":75,"column":null}},"26":{"start":{"line":75,"column":24},"end":{"line":75,"column":null}},"27":{"start":{"line":77,"column":4},"end":{"line":92,"column":null}},"28":{"start":{"line":78,"column":20},"end":{"line":78,"column":null}},"29":{"start":{"line":79,"column":28},"end":{"line":79,"column":null}},"30":{"start":{"line":80,"column":6},"end":{"line":91,"column":null}},"31":{"start":{"line":81,"column":8},"end":{"line":90,"column":null}},"32":{"start":{"line":100,"column":2},"end":{"line":100,"column":null}},"33":{"start":{"line":101,"column":2},"end":{"line":101,"column":null}}},"fnMap":{"0":{"name":"syncPiscines","decl":{"start":{"line":9,"column":22},"end":{"line":9,"column":52}},"loc":{"start":{"line":9,"column":52},"end":{"line":39,"column":null}},"line":9},"1":{"name":"(anonymous_1)","decl":{"start":{"line":16,"column":7},"end":{"line":16,"column":15}},"loc":{"start":{"line":16,"column":21},"end":{"line":16,"column":75}},"line":16},"2":{"name":"syncSessions","decl":{"start":{"line":41,"column":22},"end":{"line":41,"column":52}},"loc":{"start":{"line":41,"column":52},"end":{"line":62,"column":null}},"line":41},"3":{"name":"pullPiscines","decl":{"start":{"line":65,"column":22},"end":{"line":65,"column":52}},"loc":{"start":{"line":65,"column":52},"end":{"line":96,"column":null}},"line":65},"4":{"name":"syncAll","decl":{"start":{"line":99,"column":16},"end":{"line":99,"column":32}},"loc":{"start":{"line":99,"column":32},"end":{"line":102,"column":null}},"line":99}},"branchMap":{"0":{"loc":{"start":{"line":11,"column":2},"end":{"line":11,"column":null}},"type":"if","locations":[{"start":{"line":11,"column":2},"end":{"line":11,"column":null}},{"start":{},"end":{}}],"line":11},"1":{"loc":{"start":{"line":16,"column":21},"end":{"line":16,"column":75}},"type":"binary-expr","locations":[{"start":{"line":16,"column":21},"end":{"line":16,"column":44}},{"start":{"line":16,"column":44},"end":{"line":16,"column":75}}],"line":16},"2":{"loc":{"start":{"line":16,"column":59},"end":{"line":16,"column":75}},"type":"binary-expr","locations":[{"start":{"line":16,"column":59},"end":{"line":16,"column":73}},{"start":{"line":16,"column":73},"end":{"line":16,"column":75}}],"line":16},"3":{"loc":{"start":{"line":30,"column":6},"end":{"line":32,"column":null}},"type":"if","locations":[{"start":{"line":30,"column":6},"end":{"line":32,"column":null}},{"start":{},"end":{}}],"line":30},"4":{"loc":{"start":{"line":43,"column":2},"end":{"line":43,"column":null}},"type":"if","locations":[{"start":{"line":43,"column":2},"end":{"line":43,"column":null}},{"start":{},"end":{}}],"line":43},"5":{"loc":{"start":{"line":67,"column":2},"end":{"line":67,"column":null}},"type":"if","locations":[{"start":{"line":67,"column":2},"end":{"line":67,"column":null}},{"start":{},"end":{}}],"line":67},"6":{"loc":{"start":{"line":75,"column":4},"end":{"line":75,"column":null}},"type":"if","locations":[{"start":{"line":75,"column":4},"end":{"line":75,"column":null}},{"start":{},"end":{}}],"line":75},"7":{"loc":{"start":{"line":75,"column":8},"end":{"line":75,"column":24}},"type":"binary-expr","locations":[{"start":{"line":75,"column":8},"end":{"line":75,"column":17}},{"start":{"line":75,"column":17},"end":{"line":75,"column":24}}],"line":75},"8":{"loc":{"start":{"line":80,"column":6},"end":{"line":91,"column":null}},"type":"if","locations":[{"start":{"line":80,"column":6},"end":{"line":91,"column":null}},{"start":{},"end":{}}],"line":80},"9":{"loc":{"start":{"line":80,"column":10},"end":{"line":80,"column":60}},"type":"binary-expr","locations":[{"start":{"line":80,"column":10},"end":{"line":80,"column":20}},{"start":{"line":80,"column":20},"end":{"line":80,"column":60}}],"line":80},"10":{"loc":{"start":{"line":80,"column":37},"end":{"line":80,"column":60}},"type":"binary-expr","locations":[{"start":{"line":80,"column":37},"end":{"line":80,"column":56}},{"start":{"line":80,"column":56},"end":{"line":80,"column":60}}],"line":80},"11":{"loc":{"start":{"line":84,"column":16},"end":{"line":84,"column":null}},"type":"binary-expr","locations":[{"start":{"line":84,"column":16},"end":{"line":84,"column":33}},{"start":{"line":84,"column":33},"end":{"line":84,"column":null}}],"line":84},"12":{"loc":{"start":{"line":85,"column":17},"end":{"line":85,"column":null}},"type":"binary-expr","locations":[{"start":{"line":85,"column":17},"end":{"line":85,"column":35}},{"start":{"line":85,"column":35},"end":{"line":85,"column":null}}],"line":85}},"s":{"0":0,"1":0,"2":0,"3":0,"4":0,"5":0,"6":0,"7":0,"8":0,"9":0,"10":0,"11":0,"12":0,"13":0,"14":0,"15":0,"16":0,"17":0,"18":0,"19":0,"20":0,"21":0,"22":0,"23":0,"24":0,"25":0,"26":0,"27":0,"28":0,"29":0,"30":0,"31":0,"32":0,"33":0},"f":{"0":0,"1":0,"2":0,"3":0,"4":0},"b":{"0":[0,0],"1":[0,0],"2":[0,0],"3":[0,0],"4":[0,0],"5":[0,0],"6":[0,0],"7":[0,0],"8":[0,0],"9":[0,0],"10":[0,0],"11":[0,0],"12":[0,0]},"meta":{"lastBranch":13,"lastFunction":5,"lastStatement":34,"seen":{"f:9:22:9:52":0,"s:10:19:10:Infinity":0,"b:11:2:11:Infinity:undefined:undefined:undefined:undefined":0,"s:11:2:11:Infinity":1,"s:11:13:11:Infinity":2,"s:13:2:13:Infinity":3,"s:14:2:38:Infinity":4,"s:15:21:17:Infinity":5,"f:16:7:16:15":1,"s:16:21:16:75":6,"b:16:21:16:44:16:44:16:75":1,"b:16:59:16:73:16:73:16:75":2,"s:19:4:33:Infinity":7,"s:20:24:29:Infinity":8,"b:30:6:32:Infinity:undefined:undefined:undefined:undefined":3,"s:30:6:32:Infinity":9,"s:31:8:31:Infinity":10,"s:35:4:35:Infinity":11,"s:37:4:37:Infinity":12,"f:41:22:41:52":2,"s:42:19:42:Infinity":13,"b:43:2:43:Infinity:undefined:undefined:undefined:undefined":4,"s:43:2:43:Infinity":14,"s:43:13:43:Infinity":15,"s:45:2:61:Infinity":16,"s:46:16:46:Infinity":17,"s:47:4:58:Infinity":18,"s:48:6:57:Infinity":19,"f:65:22:65:52":3,"s:66:19:66:Infinity":20,"b:67:2:67:Infinity:undefined:undefined:undefined:undefined":5,"s:67:2:67:Infinity":21,"s:67:13:67:Infinity":22,"s:69:2:95:Infinity":23,"s:70:28:73:Infinity":24,"b:75:4:75:Infinity:undefined:undefined:undefined:undefined":6,"s:75:4:75:Infinity":25,"b:75:8:75:17:75:17:75:24":7,"s:75:24:75:Infinity":26,"s:77:4:92:Infinity":27,"s:78:20:78:Infinity":28,"s:79:28:79:Infinity":29,"b:80:6:91:Infinity:undefined:undefined:undefined:undefined":8,"s:80:6:91:Infinity":30,"b:80:10:80:20:80:20:80:60":9,"b:80:37:80:56:80:56:80:60":10,"s:81:8:90:Infinity":31,"b:84:16:84:33:84:33:84:Infinity":11,"b:85:17:85:35:85:35:85:Infinity":12,"f:99:16:99:32":4,"s:100:2:100:Infinity":32,"s:101:2:101:Infinity":33}}}
}
